<?xml version="1.0" encoding="UTF-8"?>
<testng-results ignored="0" total="1" passed="1" failed="0" skipped="0">
  <reporter-output>
  </reporter-output>
  <suite started-at="2023-07-13T22:50:08 IST" name="Suite" finished-at="2023-07-13T22:50:14 IST" duration-ms="6457">
    <groups>
    </groups>
    <test started-at="2023-07-13T22:50:08 IST" name="SampleTest" finished-at="2023-07-13T22:50:14 IST" duration-ms="6457">
      <class name="com.mavenproject.AutomationApplications">
        <test-method is-config="true" signature="launchBrowser()[pri:0, instance:com.mavenproject.AutomationApplications@63376bed]" started-at="2023-07-13T22:50:08 IST" name="launchBrowser" finished-at="2023-07-13T22:50:13 IST" duration-ms="4474" status="PASS">
          <reporter-output>
          </reporter-output>
        </test-method> <!-- launchBrowser -->
        <test-method signature="navigateUrl()[pri:0, instance:com.mavenproject.AutomationApplications@63376bed]" started-at="2023-07-13T22:50:13 IST" name="navigateUrl" finished-at="2023-07-13T22:50:14 IST" duration-ms="1916" status="PASS">
          <reporter-output>
          </reporter-output>
        </test-method> <!-- navigateUrl -->
      </class> <!-- com.mavenproject.AutomationApplications -->
    </test> <!-- SampleTest -->
  </suite> <!-- Suite -->
</testng-results>
