<?xml version="1.0" encoding="UTF-8"?>
<testng-results ignored="0" total="1" passed="1" failed="0" skipped="0">
  <reporter-output>
  </reporter-output>
  <suite started-at="2023-07-20T12:05:39 IST" name="Suite" finished-at="2023-07-20T12:06:08 IST" duration-ms="29248">
    <groups>
    </groups>
    <test started-at="2023-07-20T12:05:39 IST" name="SampleTest" finished-at="2023-07-20T12:06:08 IST" duration-ms="29248">
      <class name="com.mavenproject.AutomationApplications">
        <test-method is-config="true" signature="launchBrowser()[pri:0, instance:com.mavenproject.AutomationApplications@4145bad8]" started-at="2023-07-20T12:05:39 IST" name="launchBrowser" finished-at="2023-07-20T12:05:43 IST" duration-ms="4114" status="PASS">
          <reporter-output>
          </reporter-output>
        </test-method> <!-- launchBrowser -->
        <test-method signature="navigateUrl()[pri:0, instance:com.mavenproject.AutomationApplications@4145bad8]" started-at="2023-07-20T12:05:43 IST" name="navigateUrl" finished-at="2023-07-20T12:06:08 IST" duration-ms="25071" status="PASS">
          <reporter-output>
          </reporter-output>
        </test-method> <!-- navigateUrl -->
      </class> <!-- com.mavenproject.AutomationApplications -->
    </test> <!-- SampleTest -->
  </suite> <!-- Suite -->
</testng-results>
